{"user_id":"user1","raw_input":"\"Hello\"","normalized_input":"Hello","matched_gambit":[],"timestamp":"2017-03-19T18:37:08.006Z"}
{"user_id":"user1","raw_input":"Hello","normalized_input":"Hello","matched_gambit":[{"topic":"random","input":"*~2","reply":"Hi, how are you?","output":"Hi, how are you?"}],"timestamp":"2017-03-19T18:37:14.623Z"}
{"user_id":"user1","raw_input":"Hi","normalized_input":"Hi","matched_gambit":[{"topic":"random","input":"*~2","reply":"Ola","output":"Ola"}],"timestamp":"2017-03-19T18:37:17.815Z"}
{"user_id":"user1","raw_input":"How are you","normalized_input":"How are you","matched_gambit":[],"timestamp":"2017-03-19T18:37:24.085Z"}
{"user_id":"user1","raw_input":"What is your name","normalized_input":"What is your name","matched_gambit":[],"timestamp":"2017-03-19T18:37:34.209Z"}
{"user_id":"user1","raw_input":"What is your name","normalized_input":"What is your name","matched_gambit":[{"topic":"random","input":"What is your name","reply":"K-0I, but you can call me koi.","output":"K-0I, but you can call me koi."}],"timestamp":"2017-03-19T18:38:27.230Z"}
{"user_id":"user1","raw_input":"My name is phil","normalized_input":"My name is phil","matched_gambit":[],"timestamp":"2017-03-19T18:43:32.192Z"}
{"user_id":"user1","raw_input":"My name is phil","normalized_input":"My name is phil","matched_gambit":[{"topic":"random","input":"My name is *1","reply":"Hi phil","output":"Hi phil"}],"timestamp":"2017-03-19T18:43:43.106Z"}
{"user_id":"user1","raw_input":"My name is phil","normalized_input":"My name is phil","matched_gambit":[{"topic":"random","input":"My name is *1","reply":"Hi phil","output":"Hi phil"}],"timestamp":"2017-03-19T18:43:46.070Z"}
{"user_id":"user1","raw_input":"My name is phil","normalized_input":"My name is phil","matched_gambit":[{"topic":"random","input":"My name is *1","reply":"Hi phil","output":"Hi phil"}],"timestamp":"2017-03-19T18:43:48.816Z"}
{"user_id":"user1","raw_input":"Hello","normalized_input":"Hello","matched_gambit":[{"topic":"random","input":"*~2","reply":"How are you?","output":"How are you?"}],"timestamp":"2017-03-19T18:52:09.287Z"}
{"user_id":"user1","raw_input":"What is your name?","normalized_input":"What is your name","matched_gambit":[{"topic":"random","input":"What is your name","reply":"K-0I, but you can call me koi.","output":"K-0I, but you can call me koi."}],"timestamp":"2017-03-19T18:52:13.450Z"}
{"user_id":"user1","raw_input":"My name is chris","normalized_input":"My name is chris","matched_gambit":[{"topic":"random","input":"My name is *1","reply":"Hi chris","output":"Hi chris"}],"timestamp":"2017-03-19T18:52:18.198Z"}
{"user_id":"user1","raw_input":"\u001b[A\u001b[BHello","normalized_input":"\u001b[A\u001b[BHello","matched_gambit":[],"timestamp":"2017-03-19T18:52:24.780Z"}
{"user_id":"user1","raw_input":"Hi","normalized_input":"Hi","matched_gambit":[{"topic":"random","input":"*~2","reply":"Howdy","output":"Howdy"}],"timestamp":"2017-03-19T18:52:26.792Z"}
{"user_id":"user1","raw_input":"hello","normalized_input":"hello","matched_gambit":[{"topic":"random","input":"*~2","reply":"Hi, how are you?","output":"Hi, how are you?"}],"timestamp":"2017-03-19T20:51:21.209Z"}
{"user_id":"user1","raw_input":"What day is it?","normalized_input":"What day is it","matched_gambit":[],"timestamp":"2017-03-19T20:51:27.713Z"}
{"user_id":"user1","raw_input":"Hello","normalized_input":"Hello","matched_gambit":[{"topic":"random","input":"*~2","reply":"How are you?","output":"How are you?"}],"timestamp":"2017-03-19T20:53:09.430Z"}
{"user_id":"user1","raw_input":"WHat day is it?","normalized_input":"WHat day is it","matched_gambit":[],"timestamp":"2017-03-19T20:53:13.848Z"}
{"user_id":"user1","raw_input":"hello","normalized_input":"hello","matched_gambit":[{"topic":"random","input":"*~2","reply":"Good afternoon","output":"Good afternoon"}],"timestamp":"2017-03-19T20:53:16.005Z"}
{"user_id":"user1","raw_input":"\u001b[A\u001b[Bhello","normalized_input":"\u001b[A\u001b[Bhello","matched_gambit":[],"timestamp":"2017-03-19T20:53:19.673Z"}
{"user_id":"user1","raw_input":"Hello","normalized_input":"Hello","matched_gambit":[{"topic":"random","input":"*~2","reply":"Good afternoon","output":"Good afternoon"}],"timestamp":"2017-03-19T20:53:21.597Z"}
{"user_id":"user1","raw_input":"hi","normalized_input":"hi","matched_gambit":[{"topic":"random","input":"*~2","reply":"Hello","output":"Hello"}],"timestamp":"2017-03-19T20:53:22.642Z"}
{"user_id":"user1","raw_input":"Hi","normalized_input":"Hi","matched_gambit":[{"topic":"random","input":"*~2","reply":"Howdy","output":"Howdy"}],"timestamp":"2017-03-19T20:53:23.949Z"}
{"user_id":"user1","raw_input":"Hi","normalized_input":"Hi","matched_gambit":[{"topic":"random","input":"*~2","reply":"Hi, how are you?","output":"Hi, how are you?"}],"timestamp":"2017-03-19T20:53:25.341Z"}
{"user_id":"user1","raw_input":"HI","normalized_input":"HI","matched_gambit":[{"topic":"random","input":"*~2","reply":"Good afternoon","output":"Good afternoon"}],"timestamp":"2017-03-19T20:53:26.523Z"}
{"user_id":"user1","raw_input":"Hi","normalized_input":"Hi","matched_gambit":[{"topic":"random","input":"*~2","reply":"Howdy","output":"Howdy"}],"timestamp":"2017-03-19T20:53:28.087Z"}
{"user_id":"user1","raw_input":"Hi","normalized_input":"Hi","matched_gambit":[{"topic":"random","input":"*~2","reply":"Good afternoon","output":"Good afternoon"}],"timestamp":"2017-03-19T20:53:29.192Z"}
{"user_id":"user1","raw_input":"What day is it?","normalized_input":"What day is it","matched_gambit":[],"timestamp":"2017-03-19T20:53:32.160Z"}
{"user_id":"user1","raw_input":"hello","normalized_input":"hello","matched_gambit":[{"topic":"random","input":"*~2","reply":"Ola","output":"Ola"}],"timestamp":"2017-03-19T20:53:34.465Z"}
{"user_id":"user1","raw_input":"Hi","normalized_input":"Hi","matched_gambit":[{"topic":"random","input":"*~2","reply":"Howdy","output":"Howdy"}],"timestamp":"2017-03-19T20:53:36.402Z"}
{"user_id":"user1","raw_input":"Hi","normalized_input":"Hi","matched_gambit":[{"topic":"random","input":"*~2","reply":"Hi!","output":"Hi!"}],"timestamp":"2017-03-19T20:53:38.223Z"}
{"user_id":"user1","raw_input":"\u001b[A\u001b[BHello","normalized_input":"\u001b[A\u001b[BHello","matched_gambit":[],"timestamp":"2017-03-19T20:54:16.116Z"}
{"user_id":"user1","raw_input":"what day is it?","normalized_input":"what day is it","matched_gambit":[],"timestamp":"2017-03-19T20:54:19.783Z"}
{"user_id":"user1","raw_input":"Hi","normalized_input":"Hi","matched_gambit":[{"topic":"random","input":"*~2","reply":"Howdy","output":"Howdy"}],"timestamp":"2017-03-19T20:54:21.288Z"}
{"user_id":"user1","raw_input":"\u001b[A\u001b[BHello","normalized_input":"\u001b[A\u001b[BHello","matched_gambit":[],"timestamp":"2017-03-19T20:54:23.900Z"}
{"user_id":"user1","raw_input":"Hi","normalized_input":"Hi","matched_gambit":[{"topic":"random","input":"*~2","reply":"Howdy","output":"Howdy"}],"timestamp":"2017-03-19T20:54:25.872Z"}
{"user_id":"user1","raw_input":"Hi","normalized_input":"Hi","matched_gambit":[{"topic":"random","input":"*~2","reply":"Ola","output":"Ola"}],"timestamp":"2017-03-19T20:54:26.946Z"}
{"user_id":"user1","raw_input":"HI","normalized_input":"HI","matched_gambit":[{"topic":"random","input":"*~2","reply":"Good afternoon","output":"Good afternoon"}],"timestamp":"2017-03-19T20:54:27.880Z"}
{"user_id":"user1","raw_input":"Hi","normalized_input":"Hi","matched_gambit":[{"topic":"random","input":"*~2","reply":"Good afternoon","output":"Good afternoon"}],"timestamp":"2017-03-19T20:54:28.996Z"}
{"user_id":"user1","raw_input":"Hi","normalized_input":"Hi","matched_gambit":[{"topic":"random","input":"*~2","reply":"Howdy","output":"Howdy"}],"timestamp":"2017-03-19T20:54:29.995Z"}
{"user_id":"user1","raw_input":"Hello","normalized_input":"Hello","matched_gambit":[{"topic":"random","input":"*~2","reply":"Good afternoon","output":"Good afternoon"}],"timestamp":"2017-03-19T20:54:31.982Z"}
{"user_id":"user1","raw_input":"hello","normalized_input":"hello","matched_gambit":[{"topic":"random","input":"*~2","reply":"Hi!","output":"Hi!"}],"timestamp":"2017-03-19T21:05:30.091Z"}
{"user_id":"user1","raw_input":"What day is it?","normalized_input":"What day is it","matched_gambit":[],"timestamp":"2017-03-19T21:06:09.778Z"}
{"user_id":"user1","raw_input":"Hello","normalized_input":"Hello","matched_gambit":[{"topic":"random","input":"*~2","reply":"Ola","output":"Ola"}],"timestamp":"2017-03-19T21:07:41.302Z"}
{"user_id":"user1","raw_input":"What day is it?","normalized_input":"What day is it","matched_gambit":[],"timestamp":"2017-03-19T21:07:45.605Z"}
{"user_id":"user1","raw_input":"Foob","normalized_input":"Foob","matched_gambit":[],"timestamp":"2017-03-19T21:07:49.002Z"}
{"user_id":"user1","raw_input":"Foob","normalized_input":"Foob","matched_gambit":[{"topic":"random","input":"*","reply":"Yeah I don't even know what to say to that.","output":"Yeah I don't even know what to say to that."}],"timestamp":"2017-03-19T21:08:05.595Z"}
{"user_id":"user1","raw_input":"What day is it?","normalized_input":"What day is it","matched_gambit":[{"topic":"random","input":"*","reply":"Yeah I don't even know what to say to that.","output":"Yeah I don't even know what to say to that."}],"timestamp":"2017-03-19T21:08:10.243Z"}
{"user_id":"user1","raw_input":"What day is it?","normalized_input":"What day is it","matched_gambit":[{"topic":"random","input":"*","reply":"Yeah I don't even know what to say to that.","output":"Yeah I don't even know what to say to that."}],"timestamp":"2017-03-19T21:09:18.711Z"}
{"user_id":"user1","raw_input":"What day is it?","normalized_input":"What day is it","matched_gambit":[{"topic":"random","input":"What day is it","reply":"I'm not sure.","output":"I'm not sure."}],"timestamp":"2017-03-19T21:10:14.523Z"}
{"user_id":"user1","raw_input":"What day is it.","normalized_input":"What day is it","matched_gambit":[{"topic":"random","input":"*","reply":"Yeah I don't even know what to say to that.","output":"Yeah I don't even know what to say to that."}],"timestamp":"2017-03-19T21:10:21.755Z"}
{"user_id":"user1","raw_input":"What day is it?","normalized_input":"What day is it","matched_gambit":[{"topic":"random","input":"What day is it","reply":"I'm not sure.","output":"I'm not sure."}],"timestamp":"2017-03-19T21:10:27.223Z"}
{"user_id":"user1","raw_input":"What day is it?","normalized_input":"What day is it","matched_gambit":[{"topic":"random","input":"What day is it","reply":"I'm not sure.","output":"I'm not sure."}],"timestamp":"2017-03-19T21:11:05.592Z"}
{"user_id":"user1","raw_input":"What day is it?","normalized_input":"What day is it","matched_gambit":[{"topic":"random","input":"What day is it","reply":"Sunday","output":"Sunday"}],"timestamp":"2017-03-19T21:11:10.900Z"}
{"user_id":"user1","raw_input":"What day is it?","normalized_input":"What day is it","matched_gambit":[{"topic":"random","input":"What day is it","reply":"I'm not sure.","output":"I'm not sure."}],"timestamp":"2017-03-19T21:11:14.671Z"}
{"user_id":"user1","raw_input":"What day is it?","normalized_input":"What day is it","matched_gambit":[{"topic":"random","input":"What day is it","reply":"Sun, March 19th","output":"Sun, March 19th"}],"timestamp":"2017-03-19T21:11:17.960Z"}
{"user_id":"user1","raw_input":"define dog","normalized_input":"define dog","matched_gambit":[{"topic":"random","input":"*","reply":"Yeah I don't even know what to say to that.","output":"Yeah I don't even know what to say to that."}],"timestamp":"2017-03-19T21:44:31.839Z"}
{"user_id":"user1","raw_input":"what is a dog","normalized_input":"what is a dog","matched_gambit":[{"topic":"random","input":"*","reply":"Yeah I don't even know what to say to that.","output":"Yeah I don't even know what to say to that."}],"timestamp":"2017-03-19T21:44:37.015Z"}
{"user_id":"user1","raw_input":"definition for dog","normalized_input":"definition for dog","matched_gambit":[{"topic":"random","input":"*","reply":"Yeah I don't even know what to say to that.","output":"Yeah I don't even know what to say to that."}],"timestamp":"2017-03-19T21:44:42.910Z"}
{"user_id":"user1","raw_input":"define dog","normalized_input":"define dog","matched_gambit":[{"topic":"random","input":"*","reply":"Yeah I don't even know what to say to that.","output":"Yeah I don't even know what to say to that."}],"timestamp":"2017-03-19T21:45:14.198Z"}
{"user_id":"user1","raw_input":"define dog","normalized_input":"define dog","matched_gambit":[{"topic":"random","input":"*","reply":"Yeah I don't even know what to say to that.","output":"Yeah I don't even know what to say to that."}],"timestamp":"2017-03-19T21:47:41.605Z"}
{"user_id":"user1","raw_input":"what is a dog","normalized_input":"what is a dog","matched_gambit":[{"topic":"random","input":"*","reply":"Yeah I don't even know what to say to that.","output":"Yeah I don't even know what to say to that."}],"timestamp":"2017-03-19T21:47:46.592Z"}
{"user_id":"user1","raw_input":"definition for dog","normalized_input":"definition for dog","matched_gambit":[{"topic":"random","input":"*","reply":"Yeah I don't even know what to say to that.","output":"Yeah I don't even know what to say to that."}],"timestamp":"2017-03-19T21:47:50.399Z"}
{"user_id":"user1","raw_input":"\u001b[A\u001b[Bdefine dog","normalized_input":"\u001b[A\u001b[Bdefine dog","matched_gambit":[{"topic":"random","input":"*","reply":"Yeah I don't even know what to say to that.","output":"Yeah I don't even know what to say to that."}],"timestamp":"2017-03-19T21:50:08.310Z"}
{"user_id":"user1","raw_input":"\u001b[A\u001b[Bdefine dog","normalized_input":"\u001b[A\u001b[Bdefine dog","matched_gambit":[{"topic":"random","input":"*","reply":"Yeah I don't even know what to say to that.","output":"Yeah I don't even know what to say to that."}],"timestamp":"2017-03-19T21:51:10.684Z"}
