0 info it worked if it ends with ok
1 verbose cli [ '/usr/bin/node', '/usr/bin/npm', 'run', 'start-express' ]
2 info using npm@4.0.5
3 info using node@v7.3.0
4 verbose run-script [ 'prestart-express', 'start-express', 'poststart-express' ]
5 info lifecycle chatbot@0.0.0~prestart-express: chatbot@0.0.0
6 silly lifecycle chatbot@0.0.0~prestart-express: no script for prestart-express, continuing
7 info lifecycle chatbot@0.0.0~start-express: chatbot@0.0.0
8 verbose lifecycle chatbot@0.0.0~start-express: unsafe-perm in lifecycle true
9 verbose lifecycle chatbot@0.0.0~start-express: PATH: /usr/lib/node_modules/npm/bin/node-gyp-bin:/home/perigrin/dev/K-0I/chatbot/node_modules/.bin:/home/perigrin/.plenv/shims:/home/perigrin/.workshop/git-hub/lib:/home/perigrin/.workshop/bin:/usr/local/sbin:/usr/local/bin:/usr/bin:/usr/bin/site_perl:/usr/bin/vendor_perl:/usr/bin/core_perl:/usr/local/plenv/bin
10 verbose lifecycle chatbot@0.0.0~start-express: CWD: /home/perigrin/dev/K-0I/chatbot
11 silly lifecycle chatbot@0.0.0~start-express: Args: [ '-c',
11 silly lifecycle   'npm run parse && npm run build && node lib/server-express.js' ]
12 silly lifecycle chatbot@0.0.0~start-express: Returned: code: 1  signal: null
13 info lifecycle chatbot@0.0.0~start-express: Failed to exec start-express script
14 verbose stack Error: chatbot@0.0.0 start-express: `npm run parse && npm run build && node lib/server-express.js`
14 verbose stack Exit status 1
14 verbose stack     at EventEmitter.<anonymous> (/usr/lib/node_modules/npm/lib/utils/lifecycle.js:279:16)
14 verbose stack     at emitTwo (events.js:106:13)
14 verbose stack     at EventEmitter.emit (events.js:191:7)
14 verbose stack     at ChildProcess.<anonymous> (/usr/lib/node_modules/npm/lib/utils/spawn.js:40:14)
14 verbose stack     at emitTwo (events.js:106:13)
14 verbose stack     at ChildProcess.emit (events.js:191:7)
14 verbose stack     at maybeClose (internal/child_process.js:885:16)
14 verbose stack     at Process.ChildProcess._handle.onexit (internal/child_process.js:226:5)
15 verbose pkgid chatbot@0.0.0
16 verbose cwd /home/perigrin/dev/K-0I/chatbot
17 error Linux 4.9.7-x86_64-linode80
18 error argv "/usr/bin/node" "/usr/bin/npm" "run" "start-express"
19 error node v7.3.0
20 error npm  v4.0.5
21 error code ELIFECYCLE
22 error chatbot@0.0.0 start-express: `npm run parse && npm run build && node lib/server-express.js`
22 error Exit status 1
23 error Failed at the chatbot@0.0.0 start-express script 'npm run parse && npm run build && node lib/server-express.js'.
23 error Make sure you have the latest version of node.js and npm installed.
23 error If you do, this is most likely a problem with the chatbot package,
23 error not with npm itself.
23 error Tell the author that this fails on your system:
23 error     npm run parse && npm run build && node lib/server-express.js
23 error You can get information on how to open an issue for this project with:
23 error     npm bugs chatbot
23 error Or if that isn't available, you can get their info via:
23 error     npm owner ls chatbot
23 error There is likely additional logging output above.
24 verbose exit [ 1, true ]
